<?xml version="1.0" encoding="UTF-8"?>
<!-- Generated by org.testng.reporters.JUnitXMLReporter -->
<testsuite ignored="0" hostname="Samanvitha" failures="0" tests="12" name="Full Test Flow" time="138.895" errors="0" timestamp="2026-04-20T21:21:33 IST">
  <testcase classname="ninjashop.tests.AuthenticationTest" name="verifySuccessfulRegistration" time="4.866"/>
  <testcase classname="ninjashop.tests.AuthenticationTest" name="verifySuccessfulLogin" time="3.251"/>
  <testcase classname="ninjashop.tests.AuthenticationTest" name="verifyInvalidLoginScenarios" time="3.773"/>
  <testcase classname="ninjashop.tests.AuthenticationTest" name="verifyInvalidLoginScenarios" time="2.641"/>
  <testcase classname="ninjashop.tests.AuthenticationTest" name="verifyLogout" time="10.571"/>
  <testcase classname="ninjashop.tests.ProductTest" name="verifyNonExistentProductSearch" time="0.909"/>
  <testcase classname="ninjashop.tests.ProductTest" name="verifyProductDetails" time="43.698"/>
  <testcase classname="ninjashop.tests.ProductTest" name="verifyProductSearch" time="0.825"/>
  <testcase classname="ninjashop.tests.CartTest" name="verifyAddToCart" time="2.853"/>
  <testcase classname="ninjashop.tests.CartTest" name="verifyRemoveFromCart" time="4.251"/>
  <testcase classname="ninjashop.tests.CartTest" name="verifyUpdateCartQuantity" time="3.741"/>
  <testcase classname="ninjashop.tests.CheckoutTest" name="verifyCheckoutFlow" time="12.514"/>
</testsuite> <!-- Full Test Flow -->
