<?xml version="1.0" encoding="UTF-8"?>
<testng-results ignored="0" total="12" passed="12" failed="0" skipped="0">
  <reporter-output>
  </reporter-output>
  <suite started-at="2026-04-20T21:19:14 IST" name="NinjaShop Suite" finished-at="2026-04-20T21:21:33 IST" duration-ms="138895">
    <groups>
    </groups>
    <test started-at="2026-04-20T21:19:14 IST" name="Full Test Flow" finished-at="2026-04-20T21:21:33 IST" duration-ms="138895">
      <class name="ninjashop.tests.CartTest">
        <test-method is-config="true" signature="setUp()[pri:0, instance:ninjashop.tests.CartTest@40005471]" started-at="2026-04-20T21:20:56 IST" name="setUp" finished-at="2026-04-20T21:20:59 IST" duration-ms="2215" status="PASS">
          <reporter-output>
          </reporter-output>
        </test-method> <!-- setUp -->
        <test-method signature="verifyAddToCart()[pri:0, instance:ninjashop.tests.CartTest@40005471]" started-at="2026-04-20T21:20:59 IST" name="verifyAddToCart" finished-at="2026-04-20T21:21:01 IST" duration-ms="2853" status="PASS">
          <reporter-output>
          </reporter-output>
        </test-method> <!-- verifyAddToCart -->
        <test-method is-config="true" signature="tearDown()[pri:0, instance:ninjashop.tests.CartTest@40005471]" started-at="2026-04-20T21:21:02 IST" name="tearDown" finished-at="2026-04-20T21:21:02 IST" duration-ms="629" status="PASS">
          <reporter-output>
          </reporter-output>
        </test-method> <!-- tearDown -->
        <test-method is-config="true" signature="setUp()[pri:0, instance:ninjashop.tests.CartTest@40005471]" started-at="2026-04-20T21:21:02 IST" name="setUp" finished-at="2026-04-20T21:21:04 IST" duration-ms="2255" status="PASS">
          <reporter-output>
          </reporter-output>
        </test-method> <!-- setUp -->
        <test-method signature="verifyRemoveFromCart()[pri:0, instance:ninjashop.tests.CartTest@40005471]" started-at="2026-04-20T21:21:04 IST" name="verifyRemoveFromCart" finished-at="2026-04-20T21:21:09 IST" duration-ms="4251" status="PASS">
          <reporter-output>
          </reporter-output>
        </test-method> <!-- verifyRemoveFromCart -->
        <test-method is-config="true" signature="tearDown()[pri:0, instance:ninjashop.tests.CartTest@40005471]" started-at="2026-04-20T21:21:09 IST" name="tearDown" finished-at="2026-04-20T21:21:09 IST" duration-ms="614" status="PASS">
          <reporter-output>
          </reporter-output>
        </test-method> <!-- tearDown -->
        <test-method is-config="true" signature="setUp()[pri:0, instance:ninjashop.tests.CartTest@40005471]" started-at="2026-04-20T21:21:09 IST" name="setUp" finished-at="2026-04-20T21:21:12 IST" duration-ms="2357" status="PASS">
          <reporter-output>
          </reporter-output>
        </test-method> <!-- setUp -->
        <test-method signature="verifyUpdateCartQuantity()[pri:0, instance:ninjashop.tests.CartTest@40005471]" started-at="2026-04-20T21:21:12 IST" name="verifyUpdateCartQuantity" finished-at="2026-04-20T21:21:15 IST" duration-ms="3741" status="PASS">
          <reporter-output>
          </reporter-output>
        </test-method> <!-- verifyUpdateCartQuantity -->
        <test-method is-config="true" signature="tearDown()[pri:0, instance:ninjashop.tests.CartTest@40005471]" started-at="2026-04-20T21:21:15 IST" name="tearDown" finished-at="2026-04-20T21:21:16 IST" duration-ms="573" status="PASS">
          <reporter-output>
          </reporter-output>
        </test-method> <!-- tearDown -->
      </class> <!-- ninjashop.tests.CartTest -->
      <class name="ninjashop.tests.ProductTest">
        <test-method is-config="true" signature="setUp()[pri:0, instance:ninjashop.tests.ProductTest@3d285d7e]" started-at="2026-04-20T21:19:59 IST" name="setUp" finished-at="2026-04-20T21:20:01 IST" duration-ms="2463" status="PASS">
          <reporter-output>
          </reporter-output>
        </test-method> <!-- setUp -->
        <test-method signature="verifyNonExistentProductSearch()[pri:0, instance:ninjashop.tests.ProductTest@3d285d7e]" started-at="2026-04-20T21:20:01 IST" name="verifyNonExistentProductSearch" finished-at="2026-04-20T21:20:02 IST" duration-ms="909" status="PASS">
          <reporter-output>
          </reporter-output>
        </test-method> <!-- verifyNonExistentProductSearch -->
        <test-method is-config="true" signature="tearDown()[pri:0, instance:ninjashop.tests.ProductTest@3d285d7e]" started-at="2026-04-20T21:20:02 IST" name="tearDown" finished-at="2026-04-20T21:20:03 IST" duration-ms="575" status="PASS">
          <reporter-output>
          </reporter-output>
        </test-method> <!-- tearDown -->
        <test-method is-config="true" signature="setUp()[pri:0, instance:ninjashop.tests.ProductTest@3d285d7e]" started-at="2026-04-20T21:20:03 IST" name="setUp" finished-at="2026-04-20T21:20:06 IST" duration-ms="3061" status="PASS">
          <reporter-output>
          </reporter-output>
        </test-method> <!-- setUp -->
        <test-method signature="verifyProductDetails()[pri:0, instance:ninjashop.tests.ProductTest@3d285d7e]" started-at="2026-04-20T21:20:06 IST" name="verifyProductDetails" finished-at="2026-04-20T21:20:50 IST" duration-ms="43698" status="PASS">
          <reporter-output>
          </reporter-output>
        </test-method> <!-- verifyProductDetails -->
        <test-method is-config="true" signature="tearDown()[pri:0, instance:ninjashop.tests.ProductTest@3d285d7e]" started-at="2026-04-20T21:20:50 IST" name="tearDown" finished-at="2026-04-20T21:20:51 IST" duration-ms="903" status="PASS">
          <reporter-output>
          </reporter-output>
        </test-method> <!-- tearDown -->
        <test-method is-config="true" signature="setUp()[pri:0, instance:ninjashop.tests.ProductTest@3d285d7e]" started-at="2026-04-20T21:20:51 IST" name="setUp" finished-at="2026-04-20T21:20:55 IST" duration-ms="4350" status="PASS">
          <reporter-output>
          </reporter-output>
        </test-method> <!-- setUp -->
        <test-method signature="verifyProductSearch()[pri:0, instance:ninjashop.tests.ProductTest@3d285d7e]" started-at="2026-04-20T21:20:55 IST" name="verifyProductSearch" finished-at="2026-04-20T21:20:56 IST" duration-ms="825" status="PASS">
          <reporter-output>
          </reporter-output>
        </test-method> <!-- verifyProductSearch -->
        <test-method is-config="true" signature="tearDown()[pri:0, instance:ninjashop.tests.ProductTest@3d285d7e]" started-at="2026-04-20T21:20:56 IST" name="tearDown" finished-at="2026-04-20T21:20:56 IST" duration-ms="633" status="PASS">
          <reporter-output>
          </reporter-output>
        </test-method> <!-- tearDown -->
      </class> <!-- ninjashop.tests.ProductTest -->
      <class name="ninjashop.tests.AuthenticationTest">
        <test-method is-config="true" signature="setUp()[pri:0, instance:ninjashop.tests.AuthenticationTest@1165b38]" started-at="2026-04-20T21:19:14 IST" name="setUp" finished-at="2026-04-20T21:19:20 IST" duration-ms="6318" status="PASS">
          <reporter-output>
          </reporter-output>
        </test-method> <!-- setUp -->
        <test-method signature="verifySuccessfulRegistration()[pri:1, instance:ninjashop.tests.AuthenticationTest@1165b38]" started-at="2026-04-20T21:19:20 IST" name="verifySuccessfulRegistration" finished-at="2026-04-20T21:19:25 IST" duration-ms="4866" status="PASS">
          <reporter-output>
          </reporter-output>
        </test-method> <!-- verifySuccessfulRegistration -->
        <test-method is-config="true" signature="tearDown()[pri:0, instance:ninjashop.tests.AuthenticationTest@1165b38]" started-at="2026-04-20T21:19:25 IST" name="tearDown" finished-at="2026-04-20T21:19:26 IST" duration-ms="642" status="PASS">
          <reporter-output>
          </reporter-output>
        </test-method> <!-- tearDown -->
        <test-method is-config="true" signature="setUp()[pri:0, instance:ninjashop.tests.AuthenticationTest@1165b38]" started-at="2026-04-20T21:19:26 IST" name="setUp" finished-at="2026-04-20T21:19:28 IST" duration-ms="2348" status="PASS">
          <reporter-output>
          </reporter-output>
        </test-method> <!-- setUp -->
        <test-method signature="verifySuccessfulLogin()[pri:2, instance:ninjashop.tests.AuthenticationTest@1165b38]" started-at="2026-04-20T21:19:28 IST" name="verifySuccessfulLogin" finished-at="2026-04-20T21:19:31 IST" depends-on-methods="ninjashop.tests.AuthenticationTest.verifySuccessfulRegistration" duration-ms="3251" status="PASS">
          <reporter-output>
          </reporter-output>
        </test-method> <!-- verifySuccessfulLogin -->
        <test-method is-config="true" signature="tearDown()[pri:0, instance:ninjashop.tests.AuthenticationTest@1165b38]" started-at="2026-04-20T21:19:31 IST" name="tearDown" finished-at="2026-04-20T21:19:32 IST" duration-ms="617" status="PASS">
          <reporter-output>
          </reporter-output>
        </test-method> <!-- tearDown -->
        <test-method is-config="true" signature="setUp()[pri:0, instance:ninjashop.tests.AuthenticationTest@1165b38]" started-at="2026-04-20T21:19:32 IST" name="setUp" finished-at="2026-04-20T21:19:35 IST" duration-ms="2708" status="PASS">
          <reporter-output>
          </reporter-output>
        </test-method> <!-- setUp -->
        <test-method signature="verifyInvalidLoginScenarios(java.lang.String,java.lang.String,java.lang.String)[pri:3, instance:ninjashop.tests.AuthenticationTest@1165b38]" started-at="2026-04-20T21:19:35 IST" name="verifyInvalidLoginScenarios" data-provider="invalidLoginData" finished-at="2026-04-20T21:19:39 IST" duration-ms="3773" status="PASS">
          <params>
            <param index="0">
              <value>
                <![CDATA[invaliduser@gmail.com]]>
              </value>
            </param>
            <param index="1">
              <value>
                <![CDATA[demo123]]>
              </value>
            </param>
            <param index="2">
              <value>
                <![CDATA[Warning: No match for E-Mail Address and/or Password.]]>
              </value>
            </param>
          </params>
          <reporter-output>
          </reporter-output>
        </test-method> <!-- verifyInvalidLoginScenarios -->
        <test-method is-config="true" signature="tearDown()[pri:0, instance:ninjashop.tests.AuthenticationTest@1165b38]" started-at="2026-04-20T21:19:39 IST" name="tearDown" finished-at="2026-04-20T21:19:39 IST" duration-ms="550" status="PASS">
          <reporter-output>
          </reporter-output>
        </test-method> <!-- tearDown -->
        <test-method is-config="true" signature="setUp()[pri:0, instance:ninjashop.tests.AuthenticationTest@1165b38]" started-at="2026-04-20T21:19:39 IST" name="setUp" finished-at="2026-04-20T21:19:42 IST" duration-ms="3265" status="PASS">
          <reporter-output>
          </reporter-output>
        </test-method> <!-- setUp -->
        <test-method signature="verifyInvalidLoginScenarios(java.lang.String,java.lang.String,java.lang.String)[pri:3, instance:ninjashop.tests.AuthenticationTest@1165b38]" started-at="2026-04-20T21:19:42 IST" name="verifyInvalidLoginScenarios" data-provider="invalidLoginData" finished-at="2026-04-20T21:19:45 IST" duration-ms="2641" status="PASS">
          <params>
            <param index="0">
              <value>
                <![CDATA[]]>
              </value>
            </param>
            <param index="1">
              <value>
                <![CDATA[]]>
              </value>
            </param>
            <param index="2">
              <value>
                <![CDATA[Warning: No match for E-Mail Address and/or Password.]]>
              </value>
            </param>
          </params>
          <reporter-output>
          </reporter-output>
        </test-method> <!-- verifyInvalidLoginScenarios -->
        <test-method is-config="true" signature="tearDown()[pri:0, instance:ninjashop.tests.AuthenticationTest@1165b38]" started-at="2026-04-20T21:19:45 IST" name="tearDown" finished-at="2026-04-20T21:19:46 IST" duration-ms="536" status="PASS">
          <reporter-output>
          </reporter-output>
        </test-method> <!-- tearDown -->
        <test-method is-config="true" signature="setUp()[pri:0, instance:ninjashop.tests.AuthenticationTest@1165b38]" started-at="2026-04-20T21:19:46 IST" name="setUp" finished-at="2026-04-20T21:19:48 IST" duration-ms="2261" status="PASS">
          <reporter-output>
          </reporter-output>
        </test-method> <!-- setUp -->
        <test-method signature="verifyLogout()[pri:4, instance:ninjashop.tests.AuthenticationTest@1165b38]" started-at="2026-04-20T21:19:48 IST" name="verifyLogout" finished-at="2026-04-20T21:19:58 IST" depends-on-methods="ninjashop.tests.AuthenticationTest.verifySuccessfulLogin" duration-ms="10571" status="PASS">
          <reporter-output>
          </reporter-output>
        </test-method> <!-- verifyLogout -->
        <test-method is-config="true" signature="tearDown()[pri:0, instance:ninjashop.tests.AuthenticationTest@1165b38]" started-at="2026-04-20T21:19:58 IST" name="tearDown" finished-at="2026-04-20T21:19:59 IST" duration-ms="623" status="PASS">
          <reporter-output>
          </reporter-output>
        </test-method> <!-- tearDown -->
      </class> <!-- ninjashop.tests.AuthenticationTest -->
      <class name="ninjashop.tests.CheckoutTest">
        <test-method is-config="true" signature="setUp()[pri:0, instance:ninjashop.tests.CheckoutTest@2cd76f31]" started-at="2026-04-20T21:21:16 IST" name="setUp" finished-at="2026-04-20T21:21:19 IST" duration-ms="3548" status="PASS">
          <reporter-output>
          </reporter-output>
        </test-method> <!-- setUp -->
        <test-method signature="verifyCheckoutFlow()[pri:0, instance:ninjashop.tests.CheckoutTest@2cd76f31]" started-at="2026-04-20T21:21:19 IST" name="verifyCheckoutFlow" finished-at="2026-04-20T21:21:32 IST" duration-ms="12514" status="PASS">
          <reporter-output>
          </reporter-output>
        </test-method> <!-- verifyCheckoutFlow -->
        <test-method is-config="true" signature="tearDown()[pri:0, instance:ninjashop.tests.CheckoutTest@2cd76f31]" started-at="2026-04-20T21:21:32 IST" name="tearDown" finished-at="2026-04-20T21:21:33 IST" duration-ms="738" status="PASS">
          <reporter-output>
          </reporter-output>
        </test-method> <!-- tearDown -->
      </class> <!-- ninjashop.tests.CheckoutTest -->
    </test> <!-- Full Test Flow -->
  </suite> <!-- NinjaShop Suite -->
</testng-results>
