<?xml version="1.0" encoding="UTF-8"?>
<!-- Generated by org.testng.reporters.JUnitReportReporter -->
<testsuite hostname="Samanvitha" failures="0" tests="3" name="ninjashop.tests.ProductTest" time="57.417" errors="0" timestamp="2026-04-20T21:21:33 IST" skipped="0">
  <testcase classname="ninjashop.tests.ProductTest" name="verifyProductSearch" time="3.921"/>
  <testcase classname="ninjashop.tests.ProductTest" name="verifyNonExistentProductSearch" time="6.162"/>
  <testcase classname="ninjashop.tests.ProductTest" name="verifyProductDetails" time="47.334"/>
</testsuite> <!-- ninjashop.tests.ProductTest -->
