<?xml version="1.0" encoding="UTF-8"?>
<!-- Generated by org.testng.reporters.JUnitReportReporter -->
<testsuite hostname="Samanvitha" failures="0" tests="5" name="ninjashop.tests.AuthenticationTest" time="44.970" errors="0" timestamp="2026-04-20T21:21:33 IST" skipped="0">
  <testcase classname="ninjashop.tests.AuthenticationTest" name="verifySuccessfulRegistration" time="8.667"/>
  <testcase classname="ninjashop.tests.AuthenticationTest" name="verifySuccessfulLogin" time="10.186"/>
  <testcase classname="ninjashop.tests.AuthenticationTest" name="verifyInvalidLoginScenarios" time="7.123"/>
  <testcase classname="ninjashop.tests.AuthenticationTest" name="verifyInvalidLoginScenarios" time="5.525"/>
  <testcase classname="ninjashop.tests.AuthenticationTest" name="verifyLogout" time="13.469"/>
</testsuite> <!-- ninjashop.tests.AuthenticationTest -->
