<?xml version="1.0" encoding="UTF-8"?>
<!-- Generated by org.testng.reporters.JUnitReportReporter -->
<testsuite hostname="Samanvitha" failures="0" tests="3" name="ninjashop.tests.CartTest" time="19.488" errors="0" timestamp="2026-04-20T21:21:33 IST" skipped="0">
  <testcase classname="ninjashop.tests.CartTest" name="verifyAddToCart" time="5.697"/>
  <testcase classname="ninjashop.tests.CartTest" name="verifyUpdateCartQuantity" time="6.671"/>
  <testcase classname="ninjashop.tests.CartTest" name="verifyRemoveFromCart" time="7.120"/>
</testsuite> <!-- ninjashop.tests.CartTest -->
